

*******************************************************************************
Thu Jun 25 14:27:49 2015


FIT:    data read from "test" u (1/$1):($2-1.875)
        #datapoints = 3
        residuals are weighted equally (unit weight)

function used for fitting: f(x)
fitted parameters initialized with current variable values



 Iteration 0
 WSSR        : 1.31553           delta(WSSR)/WSSR   : 0
 delta(WSSR) : 0                 limit for stopping : 1e-05
 lambda	  : 0.0444734

initial set of free parameter values

a               = 1

After 3 iterations the fit converged.
final sum of squares of residuals : 0.157638
rel. change during last iteration : -5.06703e-06

degrees of freedom    (FIT_NDF)                        : 2
rms of residuals      (FIT_STDFIT) = sqrt(WSSR/ndf)    : 0.280747
variance of residuals (reduced chisquare) = WSSR/ndf   : 0.0788191

Final set of parameters            Asymptotic Standard Error
=======================            ==========================

a               = 14.9693          +/- 3.645        (24.35%)


correlation matrix of the fit parameters:

               a      
a               1.000 


*******************************************************************************
Thu Jun 25 14:28:22 2015


FIT:    data read from "test" u (1/$1):($2-1.875)
        #datapoints = 3
        residuals are weighted equally (unit weight)

function used for fitting: f(x)
fitted parameters initialized with current variable values



 Iteration 0
 WSSR        : 0.157638          delta(WSSR)/WSSR   : 0
 delta(WSSR) : 0                 limit for stopping : 1e-05
 lambda	  : 1.4465

initial set of free parameter values

a               = 14.9693
b               = 1

After 212 iterations the fit converged.
final sum of squares of residuals : 0.0104312
rel. change during last iteration : -1.54902e-07

degrees of freedom    (FIT_NDF)                        : 1
rms of residuals      (FIT_STDFIT) = sqrt(WSSR/ndf)    : 0.102133
variance of residuals (reduced chisquare) = WSSR/ndf   : 0.0104312

Final set of parameters            Asymptotic Standard Error
=======================            ==========================

a               = 3375.47          +/- 5905         (174.9%)
b               = 2.78332          +/- 0.5927       (21.3%)


correlation matrix of the fit parameters:

               a      b      
a               1.000 
b               0.999  1.000 


*******************************************************************************
Thu Jun 25 14:29:39 2015


FIT:    data read from "test" u (1/$1):($2-1.875)
	x range restricted to [0.00000 : 0.0600000]
        #datapoints = 3
        residuals are weighted equally (unit weight)

function used for fitting: f(x)
fitted parameters initialized with current variable values



 Iteration 0
 WSSR        : 128.232           delta(WSSR)/WSSR   : 0
 delta(WSSR) : 0                 limit for stopping : 1e-05
 lambda	  : 0.00214279

initial set of free parameter values

a               = 3375.47

After 4 iterations the fit converged.
final sum of squares of residuals : 0.0343791
rel. change during last iteration : -2.85878e-12

degrees of freedom    (FIT_NDF)                        : 2
rms of residuals      (FIT_STDFIT) = sqrt(WSSR/ndf)    : 0.131109
variance of residuals (reduced chisquare) = WSSR/ndf   : 0.0171896

Final set of parameters            Asymptotic Standard Error
=======================            ==========================

a               = 324.767          +/- 35.33        (10.88%)


correlation matrix of the fit parameters:

               a      
a               1.000 
